<?xml version="1.0" encoding="UTF-8"?>
<!-- Generated by org.testng.reporters.JUnitReportReporter -->
<testsuite hostname="DESKTOP-H9NB7AP" failures="0" tests="1" name="practise.NewTestNGTest" time="0.021" errors="0" timestamp="2025-10-23T19:53:00 IST" skipped="0">
  <testcase classname="practise.NewTestNGTest" name="createCampaignWithMandatoryFieldsTest" time="0.021">
    <system-out>
      <![CDATA[Executed only in Report
Executed in both Console and Report]]>
    </system-out>
  </testcase> <!-- createCampaignWithMandatoryFieldsTest -->
  <system-out>
    <![CDATA[Executed only in Report
Executed in both Console and Report]]>
  </system-out>
</testsuite> <!-- practise.NewTestNGTest -->
